<?xml version="1.0" encoding="UTF-8"?>
<coverage generated="1770671622747" clover="3.2.0">
  <project timestamp="1770671622748" name="All files">
    <metrics statements="176" coveredstatements="154" conditionals="153" coveredconditionals="131" methods="28" coveredmethods="24" elements="357" coveredelements="309" complexity="0" loc="176" ncloc="176" packages="1" files="1" classes="1"/>
    <file name="lscolors.ts" path="/home/kjanat/projects/lscolors/src/lscolors.ts">
      <metrics statements="176" coveredstatements="154" conditionals="153" coveredconditionals="131" methods="28" coveredmethods="24"/>
      <line num="6" count="1" type="stmt"/>
      <line num="21" count="1" type="stmt"/>
      <line num="40" count="1" type="stmt"/>
      <line num="41" count="1" type="stmt"/>
      <line num="44" count="99" type="stmt"/>
      <line num="45" count="99" type="cond" truecount="2" falsecount="0"/>
      <line num="46" count="56" type="stmt"/>
      <line num="47" count="56" type="cond" truecount="2" falsecount="0"/>
      <line num="48" count="44" type="stmt"/>
      <line num="52" count="99" type="stmt"/>
      <line num="53" count="99" type="cond" truecount="2" falsecount="0"/>
      <line num="54" count="75" type="stmt"/>
      <line num="55" count="75" type="cond" truecount="2" falsecount="0"/>
      <line num="56" count="69" type="stmt"/>
      <line num="60" count="39" type="cond" truecount="5" falsecount="1"/>
      <line num="61" count="16" type="cond" truecount="4" falsecount="2"/>
      <line num="62" count="0" type="stmt"/>
      <line num="66" count="14" type="cond" truecount="5" falsecount="1"/>
      <line num="67" count="6" type="cond" truecount="4" falsecount="2"/>
      <line num="68" count="0" type="stmt"/>
      <line num="89" count="148" type="cond" truecount="2" falsecount="0"/>
      <line num="91" count="103" type="stmt"/>
      <line num="93" count="172" type="stmt"/>
      <line num="98" count="103" type="stmt"/>
      <line num="102" count="103" type="stmt"/>
      <line num="103" count="145" type="stmt"/>
      <line num="104" count="145" type="cond" truecount="1" falsecount="1"/>
      <line num="107" count="145" type="cond" truecount="6" falsecount="0"/>
      <line num="108" count="9" type="stmt"/>
      <line num="109" count="9" type="stmt"/>
      <line num="110" count="9" type="stmt"/>
      <line num="113" count="136" type="cond" truecount="6" falsecount="0"/>
      <line num="114" count="4" type="stmt"/>
      <line num="115" count="4" type="stmt"/>
      <line num="116" count="4" type="stmt"/>
      <line num="119" count="132" type="stmt"/>
      <line num="122" count="103" type="stmt"/>
      <line num="123" count="103" type="cond" truecount="2" falsecount="0"/>
      <line num="124" count="103" type="cond" truecount="2" falsecount="0"/>
      <line num="125" count="103" type="stmt"/>
      <line num="129" count="110" type="stmt"/>
      <line num="130" count="110" type="cond" truecount="2" falsecount="0"/>
      <line num="131" count="110" type="cond" truecount="2" falsecount="0"/>
      <line num="132" count="110" type="stmt"/>
      <line num="140" count="33" type="stmt"/>
      <line num="141" count="33" type="cond" truecount="2" falsecount="0"/>
      <line num="143" count="30" type="stmt"/>
      <line num="144" count="137" type="cond" truecount="2" falsecount="0"/>
      <line num="145" count="136" type="stmt"/>
      <line num="146" count="136" type="cond" truecount="2" falsecount="0"/>
      <line num="147" count="135" type="stmt"/>
      <line num="148" count="135" type="stmt"/>
      <line num="149" count="135" type="cond" truecount="1" falsecount="1"/>
      <line num="150" count="135" type="stmt"/>
      <line num="152" count="30" type="stmt"/>
      <line num="156" count="10" type="stmt"/>
      <line num="157" count="10" type="stmt"/>
      <line num="158" count="106" type="stmt"/>
      <line num="160" count="10" type="stmt"/>
      <line num="172" count="1" type="stmt"/>
      <line num="175" count="1100" type="stmt"/>
      <line num="179" count="52" type="cond" truecount="2" falsecount="0"/>
      <line num="180" count="2" type="stmt"/>
      <line num="182" count="50" type="stmt"/>
      <line num="183" count="50" type="stmt"/>
      <line num="184" count="540" type="stmt"/>
      <line num="185" count="540" type="stmt"/>
      <line num="186" count="540" type="stmt"/>
      <line num="187" count="540" type="cond" truecount="4" falsecount="1"/>
      <line num="188" count="0" type="stmt"/>
      <line num="190" count="540" type="cond" truecount="4" falsecount="0"/>
      <line num="191" count="1" type="stmt"/>
      <line num="195" count="539" type="stmt"/>
      <line num="197" count="49" type="stmt"/>
      <line num="201" count="23" type="stmt"/>
      <line num="202" count="23" type="stmt"/>
      <line num="203" count="253" type="stmt"/>
      <line num="204" count="253" type="cond" truecount="4" falsecount="0"/>
      <line num="206" count="23" type="cond" truecount="1" falsecount="1"/>
      <line num="207" count="0" type="stmt"/>
      <line num="209" count="23" type="stmt"/>
      <line num="229" count="9" type="cond" truecount="2" falsecount="0"/>
      <line num="230" count="9" type="cond" truecount="2" falsecount="0"/>
      <line num="232" count="9" type="stmt"/>
      <line num="233" count="9" type="stmt"/>
      <line num="235" count="9" type="stmt"/>
      <line num="236" count="99" type="stmt"/>
      <line num="237" count="99" type="cond" truecount="1" falsecount="1"/>
      <line num="239" count="99" type="stmt"/>
      <line num="240" count="99" type="stmt"/>
      <line num="241" count="99" type="stmt"/>
      <line num="243" count="99" type="cond" truecount="2" falsecount="0"/>
      <line num="244" count="99" type="cond" truecount="4" falsecount="0"/>
      <line num="246" count="99" type="stmt"/>
      <line num="249" count="9" type="cond" truecount="2" falsecount="0"/>
      <line num="250" count="2" type="cond" truecount="2" falsecount="0"/>
      <line num="251" count="2" type="stmt"/>
      <line num="252" count="4" type="stmt"/>
      <line num="256" count="9" type="stmt"/>
      <line num="268" count="1" type="stmt"/>
      <line num="274" count="20" type="cond" truecount="2" falsecount="0"/>
      <line num="275" count="20" type="stmt"/>
      <line num="276" count="20" type="stmt"/>
      <line num="277" count="20" type="stmt"/>
      <line num="279" count="20" type="stmt"/>
      <line num="280" count="220" type="stmt"/>
      <line num="281" count="220" type="cond" truecount="2" falsecount="0"/>
      <line num="282" count="169" type="stmt"/>
      <line num="283" count="169" type="cond" truecount="1" falsecount="1"/>
      <line num="284" count="0" type="stmt"/>
      <line num="285" count="169" type="stmt"/>
      <line num="288" count="51" type="stmt"/>
      <line num="289" count="51" type="stmt"/>
      <line num="290" count="51" type="stmt"/>
      <line num="293" count="20" type="stmt"/>
      <line num="301" count="51" type="cond" truecount="4" falsecount="0"/>
      <line num="302" count="51" type="cond" truecount="2" falsecount="0"/>
      <line num="304" count="18" type="cond" truecount="2" falsecount="0"/>
      <line num="305" count="6" type="stmt"/>
      <line num="306" count="6" type="stmt"/>
      <line num="310" count="12" type="cond" truecount="2" falsecount="0"/>
      <line num="311" count="11" type="stmt"/>
      <line num="315" count="51" type="cond" truecount="4" falsecount="0"/>
      <line num="316" count="51" type="cond" truecount="2" falsecount="0"/>
      <line num="318" count="38" type="cond" truecount="2" falsecount="0"/>
      <line num="319" count="1" type="stmt"/>
      <line num="320" count="1" type="stmt"/>
      <line num="324" count="37" type="cond" truecount="2" falsecount="0"/>
      <line num="325" count="36" type="stmt"/>
      <line num="334" count="6" type="stmt"/>
      <line num="335" count="6" type="stmt"/>
      <line num="340" count="1" type="stmt"/>
      <line num="341" count="1" type="stmt"/>
      <line num="345" count="1" type="stmt"/>
      <line num="366" count="17" type="cond" truecount="4" falsecount="0"/>
      <line num="367" count="8" type="cond" truecount="1" falsecount="1"/>
      <line num="371" count="9" type="cond" truecount="4" falsecount="0"/>
      <line num="372" count="4" type="stmt"/>
      <line num="373" count="4" type="stmt"/>
      <line num="374" count="4" type="stmt"/>
      <line num="375" count="4" type="stmt"/>
      <line num="376" count="12" type="cond" truecount="2" falsecount="0"/>
      <line num="377" count="4" type="stmt"/>
      <line num="381" count="5" type="cond" truecount="4" falsecount="0"/>
      <line num="382" count="3" type="stmt"/>
      <line num="383" count="3" type="stmt"/>
      <line num="387" count="2" type="stmt"/>
      <line num="391" count="1" type="stmt"/>
      <line num="411" count="7" type="stmt"/>
      <line num="412" count="7" type="stmt"/>
      <line num="413" count="7" type="stmt"/>
      <line num="414" count="112" type="stmt"/>
      <line num="415" count="112" type="cond" truecount="2" falsecount="0"/>
      <line num="416" count="18" type="stmt"/>
      <line num="417" count="18" type="stmt"/>
      <line num="420" count="7" type="stmt"/>
      <line num="424" count="1" type="stmt"/>
      <line num="425" count="1" type="cond" truecount="1" falsecount="1"/>
      <line num="426" count="1" type="stmt"/>
      <line num="438" count="0" type="stmt"/>
      <line num="439" count="0" type="cond" truecount="0" falsecount="2"/>
      <line num="440" count="0" type="stmt"/>
      <line num="441" count="0" type="cond" truecount="0" falsecount="2"/>
      <line num="443" count="0" type="stmt"/>
      <line num="444" count="0" type="cond" truecount="0" falsecount="2"/>
      <line num="445" count="0" type="stmt"/>
      <line num="446" count="0" type="cond" truecount="0" falsecount="2"/>
      <line num="449" count="0" type="stmt"/>
      <line num="454" count="0" type="stmt"/>
      <line num="455" count="0" type="stmt"/>
      <line num="459" count="0" type="stmt"/>
      <line num="470" count="0" type="stmt"/>
      <line num="471" count="0" type="stmt"/>
      <line num="472" count="0" type="stmt"/>
      <line num="473" count="0" type="stmt"/>
      <line num="478" count="0" type="stmt"/>
    </file>
  </project>
</coverage>
