{"/home/kjanat/projects/lscolors/src/lscolors.ts": {"path":"/home/kjanat/projects/lscolors/src/lscolors.ts","statementMap":{"0":{"start":{"line":6,"column":45},"end":{"line":18,"column":null}},"1":{"start":{"line":21,"column":66},"end":{"line":33,"column":null}},"2":{"start":{"line":40,"column":21},"end":{"line":40,"column":null}},"3":{"start":{"line":41,"column":28},"end":{"line":41,"column":null}},"4":{"start":{"line":44,"column":13},"end":{"line":44,"column":null}},"5":{"start":{"line":45,"column":1},"end":{"line":45,"column":null}},"6":{"start":{"line":45,"column":17},"end":{"line":45,"column":null}},"7":{"start":{"line":46,"column":19},"end":{"line":46,"column":null}},"8":{"start":{"line":47,"column":1},"end":{"line":47,"column":null}},"9":{"start":{"line":47,"column":23},"end":{"line":47,"column":null}},"10":{"start":{"line":48,"column":1},"end":{"line":48,"column":null}},"11":{"start":{"line":52,"column":13},"end":{"line":52,"column":null}},"12":{"start":{"line":53,"column":1},"end":{"line":53,"column":null}},"13":{"start":{"line":53,"column":17},"end":{"line":53,"column":null}},"14":{"start":{"line":54,"column":19},"end":{"line":54,"column":null}},"15":{"start":{"line":55,"column":1},"end":{"line":55,"column":null}},"16":{"start":{"line":55,"column":23},"end":{"line":55,"column":null}},"17":{"start":{"line":56,"column":1},"end":{"line":56,"column":null}},"18":{"start":{"line":60,"column":1},"end":{"line":60,"column":null}},"19":{"start":{"line":60,"column":31},"end":{"line":60,"column":null}},"20":{"start":{"line":61,"column":1},"end":{"line":61,"column":null}},"21":{"start":{"line":61,"column":31},"end":{"line":61,"column":null}},"22":{"start":{"line":62,"column":1},"end":{"line":62,"column":null}},"23":{"start":{"line":66,"column":1},"end":{"line":66,"column":null}},"24":{"start":{"line":66,"column":31},"end":{"line":66,"column":null}},"25":{"start":{"line":67,"column":1},"end":{"line":67,"column":null}},"26":{"start":{"line":67,"column":33},"end":{"line":67,"column":null}},"27":{"start":{"line":68,"column":1},"end":{"line":68,"column":null}},"28":{"start":{"line":89,"column":1},"end":{"line":89,"column":null}},"29":{"start":{"line":89,"column":9},"end":{"line":89,"column":null}},"30":{"start":{"line":91,"column":14},"end":{"line":96,"column":null}},"31":{"start":{"line":93,"column":14},"end":{"line":93,"column":22}},"32":{"start":{"line":98,"column":25},"end":{"line":98,"column":null}},"33":{"start":{"line":102,"column":1},"end":{"line":120,"column":null}},"34":{"start":{"line":102,"column":14},"end":{"line":102,"column":17}},"35":{"start":{"line":103,"column":12},"end":{"line":103,"column":null}},"36":{"start":{"line":104,"column":2},"end":{"line":104,"column":null}},"37":{"start":{"line":104,"column":23},"end":{"line":104,"column":null}},"38":{"start":{"line":107,"column":2},"end":{"line":111,"column":null}},"39":{"start":{"line":108,"column":3},"end":{"line":108,"column":null}},"40":{"start":{"line":109,"column":3},"end":{"line":109,"column":null}},"41":{"start":{"line":110,"column":3},"end":{"line":110,"column":null}},"42":{"start":{"line":113,"column":2},"end":{"line":117,"column":null}},"43":{"start":{"line":114,"column":3},"end":{"line":114,"column":null}},"44":{"start":{"line":115,"column":3},"end":{"line":115,"column":null}},"45":{"start":{"line":116,"column":3},"end":{"line":116,"column":null}},"46":{"start":{"line":119,"column":2},"end":{"line":119,"column":null}},"47":{"start":{"line":122,"column":23},"end":{"line":122,"column":null}},"48":{"start":{"line":123,"column":1},"end":{"line":123,"column":null}},"49":{"start":{"line":123,"column":26},"end":{"line":123,"column":null}},"50":{"start":{"line":124,"column":1},"end":{"line":124,"column":null}},"51":{"start":{"line":124,"column":26},"end":{"line":124,"column":null}},"52":{"start":{"line":125,"column":1},"end":{"line":125,"column":null}},"53":{"start":{"line":129,"column":23},"end":{"line":129,"column":null}},"54":{"start":{"line":130,"column":1},"end":{"line":130,"column":null}},"55":{"start":{"line":130,"column":29},"end":{"line":130,"column":null}},"56":{"start":{"line":131,"column":1},"end":{"line":131,"column":null}},"57":{"start":{"line":131,"column":29},"end":{"line":131,"column":null}},"58":{"start":{"line":132,"column":1},"end":{"line":132,"column":null}},"59":{"start":{"line":140,"column":13},"end":{"line":140,"column":null}},"60":{"start":{"line":141,"column":1},"end":{"line":141,"column":null}},"61":{"start":{"line":141,"column":16},"end":{"line":141,"column":null}},"62":{"start":{"line":143,"column":1},"end":{"line":151,"column":null}},"63":{"start":{"line":144,"column":2},"end":{"line":144,"column":null}},"64":{"start":{"line":144,"column":13},"end":{"line":144,"column":null}},"65":{"start":{"line":145,"column":13},"end":{"line":145,"column":null}},"66":{"start":{"line":146,"column":2},"end":{"line":146,"column":null}},"67":{"start":{"line":146,"column":17},"end":{"line":146,"column":null}},"68":{"start":{"line":147,"column":14},"end":{"line":147,"column":null}},"69":{"start":{"line":148,"column":16},"end":{"line":148,"column":null}},"70":{"start":{"line":149,"column":2},"end":{"line":149,"column":null}},"71":{"start":{"line":149,"column":12},"end":{"line":149,"column":null}},"72":{"start":{"line":150,"column":2},"end":{"line":150,"column":null}},"73":{"start":{"line":152,"column":1},"end":{"line":152,"column":null}},"74":{"start":{"line":156,"column":25},"end":{"line":156,"column":null}},"75":{"start":{"line":157,"column":1},"end":{"line":159,"column":null}},"76":{"start":{"line":158,"column":2},"end":{"line":158,"column":null}},"77":{"start":{"line":160,"column":1},"end":{"line":160,"column":null}},"78":{"start":{"line":172,"column":24},"end":{"line":172,"column":null}},"79":{"start":{"line":175,"column":1},"end":{"line":175,"column":null}},"80":{"start":{"line":179,"column":1},"end":{"line":181,"column":null}},"81":{"start":{"line":180,"column":2},"end":{"line":180,"column":null}},"82":{"start":{"line":182,"column":13},"end":{"line":182,"column":null}},"83":{"start":{"line":183,"column":1},"end":{"line":196,"column":null}},"84":{"start":{"line":183,"column":14},"end":{"line":183,"column":17}},"85":{"start":{"line":184,"column":15},"end":{"line":184,"column":null}},"86":{"start":{"line":185,"column":13},"end":{"line":185,"column":null}},"87":{"start":{"line":186,"column":13},"end":{"line":186,"column":null}},"88":{"start":{"line":187,"column":2},"end":{"line":189,"column":null}},"89":{"start":{"line":188,"column":3},"end":{"line":188,"column":null}},"90":{"start":{"line":190,"column":2},"end":{"line":194,"column":null}},"91":{"start":{"line":191,"column":3},"end":{"line":193,"column":null}},"92":{"start":{"line":195,"column":2},"end":{"line":195,"column":null}},"93":{"start":{"line":197,"column":1},"end":{"line":197,"column":null}},"94":{"start":{"line":201,"column":11},"end":{"line":201,"column":null}},"95":{"start":{"line":202,"column":1},"end":{"line":205,"column":null}},"96":{"start":{"line":203,"column":12},"end":{"line":203,"column":null}},"97":{"start":{"line":204,"column":2},"end":{"line":204,"column":null}},"98":{"start":{"line":206,"column":1},"end":{"line":208,"column":null}},"99":{"start":{"line":207,"column":2},"end":{"line":207,"column":null}},"100":{"start":{"line":209,"column":1},"end":{"line":209,"column":null}},"101":{"start":{"line":229,"column":27},"end":{"line":229,"column":null}},"102":{"start":{"line":230,"column":30},"end":{"line":230,"column":null}},"103":{"start":{"line":232,"column":15},"end":{"line":232,"column":null}},"104":{"start":{"line":233,"column":13},"end":{"line":233,"column":null}},"105":{"start":{"line":235,"column":1},"end":{"line":247,"column":null}},"106":{"start":{"line":236,"column":17},"end":{"line":236,"column":null}},"107":{"start":{"line":237,"column":2},"end":{"line":237,"column":null}},"108":{"start":{"line":237,"column":15},"end":{"line":237,"column":null}},"109":{"start":{"line":239,"column":24},"end":{"line":239,"column":null}},"110":{"start":{"line":240,"column":17},"end":{"line":240,"column":null}},"111":{"start":{"line":241,"column":17},"end":{"line":241,"column":null}},"112":{"start":{"line":243,"column":2},"end":{"line":243,"column":null}},"113":{"start":{"line":243,"column":23},"end":{"line":243,"column":null}},"114":{"start":{"line":244,"column":2},"end":{"line":244,"column":null}},"115":{"start":{"line":244,"column":44},"end":{"line":244,"column":null}},"116":{"start":{"line":246,"column":2},"end":{"line":246,"column":null}},"117":{"start":{"line":249,"column":1},"end":{"line":254,"column":null}},"118":{"start":{"line":250,"column":19},"end":{"line":250,"column":null}},"119":{"start":{"line":251,"column":2},"end":{"line":253,"column":null}},"120":{"start":{"line":252,"column":3},"end":{"line":252,"column":null}},"121":{"start":{"line":256,"column":1},"end":{"line":256,"column":null}},"122":{"start":{"line":268,"column":25},"end":{"line":268,"column":null}},"123":{"start":{"line":274,"column":18},"end":{"line":274,"column":null}},"124":{"start":{"line":275,"column":21},"end":{"line":275,"column":null}},"125":{"start":{"line":276,"column":13},"end":{"line":276,"column":null}},"126":{"start":{"line":277,"column":13},"end":{"line":277,"column":null}},"127":{"start":{"line":279,"column":1},"end":{"line":291,"column":null}},"128":{"start":{"line":280,"column":13},"end":{"line":280,"column":null}},"129":{"start":{"line":281,"column":2},"end":{"line":286,"column":null}},"130":{"start":{"line":282,"column":14},"end":{"line":282,"column":null}},"131":{"start":{"line":283,"column":3},"end":{"line":284,"column":null}},"132":{"start":{"line":283,"column":11},"end":{"line":283,"column":null}},"133":{"start":{"line":284,"column":8},"end":{"line":284,"column":null}},"134":{"start":{"line":285,"column":3},"end":{"line":285,"column":null}},"135":{"start":{"line":288,"column":17},"end":{"line":288,"column":null}},"136":{"start":{"line":289,"column":17},"end":{"line":289,"column":null}},"137":{"start":{"line":290,"column":2},"end":{"line":290,"column":null}},"138":{"start":{"line":293,"column":1},"end":{"line":293,"column":null}},"139":{"start":{"line":301,"column":15},"end":{"line":301,"column":null}},"140":{"start":{"line":301,"column":37},"end":{"line":301,"column":80}},"141":{"start":{"line":302,"column":1},"end":{"line":302,"column":null}},"142":{"start":{"line":302,"column":26},"end":{"line":302,"column":null}},"143":{"start":{"line":304,"column":1},"end":{"line":307,"column":null}},"144":{"start":{"line":305,"column":17},"end":{"line":305,"column":null}},"145":{"start":{"line":306,"column":2},"end":{"line":306,"column":null}},"146":{"start":{"line":310,"column":1},"end":{"line":310,"column":null}},"147":{"start":{"line":310,"column":28},"end":{"line":310,"column":null}},"148":{"start":{"line":311,"column":1},"end":{"line":311,"column":null}},"149":{"start":{"line":315,"column":15},"end":{"line":315,"column":null}},"150":{"start":{"line":315,"column":37},"end":{"line":315,"column":82}},"151":{"start":{"line":316,"column":1},"end":{"line":316,"column":null}},"152":{"start":{"line":316,"column":26},"end":{"line":316,"column":null}},"153":{"start":{"line":318,"column":1},"end":{"line":321,"column":null}},"154":{"start":{"line":319,"column":17},"end":{"line":319,"column":null}},"155":{"start":{"line":320,"column":2},"end":{"line":320,"column":null}},"156":{"start":{"line":324,"column":1},"end":{"line":324,"column":null}},"157":{"start":{"line":324,"column":28},"end":{"line":324,"column":null}},"158":{"start":{"line":325,"column":1},"end":{"line":325,"column":null}},"159":{"start":{"line":334,"column":19},"end":{"line":334,"column":null}},"160":{"start":{"line":335,"column":1},"end":{"line":335,"column":null}},"161":{"start":{"line":340,"column":19},"end":{"line":340,"column":null}},"162":{"start":{"line":341,"column":1},"end":{"line":341,"column":null}},"163":{"start":{"line":345,"column":70},"end":{"line":362,"column":null}},"164":{"start":{"line":366,"column":1},"end":{"line":368,"column":null}},"165":{"start":{"line":367,"column":2},"end":{"line":367,"column":null}},"166":{"start":{"line":371,"column":1},"end":{"line":378,"column":null}},"167":{"start":{"line":372,"column":12},"end":{"line":372,"column":null}},"168":{"start":{"line":373,"column":13},"end":{"line":373,"column":null}},"169":{"start":{"line":374,"column":13},"end":{"line":374,"column":null}},"170":{"start":{"line":375,"column":13},"end":{"line":375,"column":null}},"171":{"start":{"line":376,"column":15},"end":{"line":376,"column":null}},"172":{"start":{"line":376,"column":39},"end":{"line":376,"column":null}},"173":{"start":{"line":377,"column":2},"end":{"line":377,"column":null}},"174":{"start":{"line":381,"column":1},"end":{"line":384,"column":null}},"175":{"start":{"line":382,"column":12},"end":{"line":382,"column":null}},"176":{"start":{"line":383,"column":2},"end":{"line":383,"column":null}},"177":{"start":{"line":387,"column":1},"end":{"line":387,"column":null}},"178":{"start":{"line":391,"column":96},"end":{"line":408,"column":null}},"179":{"start":{"line":411,"column":12},"end":{"line":411,"column":null}},"180":{"start":{"line":412,"column":16},"end":{"line":412,"column":null}},"181":{"start":{"line":413,"column":1},"end":{"line":419,"column":null}},"182":{"start":{"line":414,"column":8},"end":{"line":414,"column":null}},"183":{"start":{"line":415,"column":2},"end":{"line":418,"column":null}},"184":{"start":{"line":416,"column":3},"end":{"line":416,"column":null}},"185":{"start":{"line":417,"column":3},"end":{"line":417,"column":null}},"186":{"start":{"line":420,"column":1},"end":{"line":420,"column":null}},"187":{"start":{"line":424,"column":12},"end":{"line":424,"column":null}},"188":{"start":{"line":425,"column":1},"end":{"line":425,"column":null}},"189":{"start":{"line":425,"column":15},"end":{"line":425,"column":null}},"190":{"start":{"line":426,"column":1},"end":{"line":426,"column":null}},"191":{"start":{"line":438,"column":13},"end":{"line":438,"column":null}},"192":{"start":{"line":439,"column":1},"end":{"line":442,"column":null}},"193":{"start":{"line":440,"column":14},"end":{"line":440,"column":null}},"194":{"start":{"line":441,"column":2},"end":{"line":441,"column":null}},"195":{"start":{"line":443,"column":19},"end":{"line":443,"column":null}},"196":{"start":{"line":444,"column":1},"end":{"line":447,"column":null}},"197":{"start":{"line":445,"column":14},"end":{"line":445,"column":null}},"198":{"start":{"line":446,"column":2},"end":{"line":446,"column":null}},"199":{"start":{"line":449,"column":1},"end":{"line":449,"column":null}},"200":{"start":{"line":454,"column":19},"end":{"line":454,"column":null}},"201":{"start":{"line":455,"column":1},"end":{"line":455,"column":null}},"202":{"start":{"line":459,"column":1},"end":{"line":459,"column":null}},"203":{"start":{"line":470,"column":15},"end":{"line":470,"column":null}},"204":{"start":{"line":471,"column":16},"end":{"line":471,"column":null}},"205":{"start":{"line":472,"column":1},"end":{"line":477,"column":null}},"206":{"start":{"line":473,"column":2},"end":{"line":476,"column":null}},"207":{"start":{"line":478,"column":1},"end":{"line":478,"column":null}}},"fnMap":{"0":{"name":"bsdCharToAnsiFg","decl":{"start":{"line":43,"column":9},"end":{"line":43,"column":25}},"loc":{"start":{"line":43,"column":52},"end":{"line":49,"column":null}},"line":43},"1":{"name":"bsdCharToAnsiBg","decl":{"start":{"line":51,"column":9},"end":{"line":51,"column":25}},"loc":{"start":{"line":51,"column":52},"end":{"line":57,"column":null}},"line":51},"2":{"name":"ansiFgToBsdChar","decl":{"start":{"line":59,"column":9},"end":{"line":59,"column":25}},"loc":{"start":{"line":59,"column":47},"end":{"line":63,"column":null}},"line":59},"3":{"name":"ansiBgToBsdChar","decl":{"start":{"line":65,"column":9},"end":{"line":65,"column":25}},"loc":{"start":{"line":65,"column":47},"end":{"line":69,"column":null}},"line":65},"4":{"name":"parseSgr","decl":{"start":{"line":88,"column":16},"end":{"line":88,"column":25}},"loc":{"start":{"line":88,"column":43},"end":{"line":126,"column":null}},"line":88},"5":{"name":"(anonymous_5)","decl":{"start":{"line":93,"column":7},"end":{"line":93,"column":8}},"loc":{"start":{"line":93,"column":14},"end":{"line":93,"column":22}},"line":93},"6":{"name":"stringifySgr","decl":{"start":{"line":128,"column":16},"end":{"line":128,"column":29}},"loc":{"start":{"line":128,"column":48},"end":{"line":133,"column":null}},"line":128},"7":{"name":"parseLsColors","decl":{"start":{"line":139,"column":16},"end":{"line":139,"column":30}},"loc":{"start":{"line":139,"column":68},"end":{"line":153,"column":null}},"line":139},"8":{"name":"stringifyLsColors","decl":{"start":{"line":155,"column":16},"end":{"line":155,"column":34}},"loc":{"start":{"line":155,"column":67},"end":{"line":161,"column":null}},"line":155},"9":{"name":"isValidBsdChar","decl":{"start":{"line":174,"column":16},"end":{"line":174,"column":31}},"loc":{"start":{"line":174,"column":52},"end":{"line":176,"column":null}},"line":174},"10":{"name":"parseLscolors","decl":{"start":{"line":178,"column":16},"end":{"line":178,"column":30}},"loc":{"start":{"line":178,"column":77},"end":{"line":198,"column":null}},"line":178},"11":{"name":"stringifyLscolors","decl":{"start":{"line":200,"column":16},"end":{"line":200,"column":34}},"loc":{"start":{"line":200,"column":76},"end":{"line":210,"column":null}},"line":200},"12":{"name":"lscolorsToLsColors","decl":{"start":{"line":225,"column":16},"end":{"line":225,"column":null}},"loc":{"start":{"line":228,"column":10},"end":{"line":257,"column":null}},"line":228},"13":{"name":"lsColorsToLscolors","decl":{"start":{"line":270,"column":16},"end":{"line":270,"column":null}},"loc":{"start":{"line":273,"column":10},"end":{"line":294,"column":null}},"line":273},"14":{"name":"ansiStyleToBsdFgChar","decl":{"start":{"line":300,"column":9},"end":{"line":300,"column":30}},"loc":{"start":{"line":300,"column":49},"end":{"line":312,"column":null}},"line":300},"15":{"name":"(anonymous_15)","decl":{"start":{"line":301,"column":29},"end":{"line":301,"column":30}},"loc":{"start":{"line":301,"column":37},"end":{"line":301,"column":80}},"line":301},"16":{"name":"ansiStyleToBsdBgChar","decl":{"start":{"line":314,"column":9},"end":{"line":314,"column":30}},"loc":{"start":{"line":314,"column":49},"end":{"line":326,"column":null}},"line":314},"17":{"name":"(anonymous_17)","decl":{"start":{"line":315,"column":29},"end":{"line":315,"column":30}},"loc":{"start":{"line":315,"column":37},"end":{"line":315,"column":82}},"line":315},"18":{"name":"approx256ToAnsi16Fg","decl":{"start":{"line":333,"column":9},"end":{"line":333,"column":29}},"loc":{"start":{"line":333,"column":50},"end":{"line":336,"column":null}},"line":333},"19":{"name":"approx256ToAnsi16Bg","decl":{"start":{"line":339,"column":9},"end":{"line":339,"column":29}},"loc":{"start":{"line":339,"column":50},"end":{"line":342,"column":null}},"line":339},"20":{"name":"xterm256ToRgb","decl":{"start":{"line":364,"column":16},"end":{"line":364,"column":30}},"loc":{"start":{"line":364,"column":78},"end":{"line":388,"column":null}},"line":364},"21":{"name":"(anonymous_21)","decl":{"start":{"line":376,"column":15},"end":{"line":376,"column":16}},"loc":{"start":{"line":376,"column":39},"end":{"line":376,"column":null}},"line":376},"22":{"name":"rgbToNearestAnsi16Fg","decl":{"start":{"line":410,"column":9},"end":{"line":410,"column":30}},"loc":{"start":{"line":410,"column":71},"end":{"line":421,"column":null}},"line":410},"23":{"name":"rgbToNearestAnsi16Bg","decl":{"start":{"line":423,"column":9},"end":{"line":423,"column":30}},"loc":{"start":{"line":423,"column":71},"end":{"line":427,"column":null}},"line":423},"24":{"name":"bsdCharToCssColor","decl":{"start":{"line":437,"column":16},"end":{"line":437,"column":34}},"loc":{"start":{"line":437,"column":56},"end":{"line":450,"column":null}},"line":437},"25":{"name":"xterm256ToCssHex","decl":{"start":{"line":453,"column":16},"end":{"line":453,"column":33}},"loc":{"start":{"line":453,"column":54},"end":{"line":456,"column":null}},"line":453},"26":{"name":"rgbToHex","decl":{"start":{"line":458,"column":9},"end":{"line":458,"column":18}},"loc":{"start":{"line":458,"column":59},"end":{"line":460,"column":null}},"line":458},"27":{"name":"lscolorsToCssMap","decl":{"start":{"line":469,"column":16},"end":{"line":469,"column":33}},"loc":{"start":{"line":469,"column":80},"end":{"line":479,"column":null}},"line":469}},"branchMap":{"0":{"loc":{"start":{"line":45,"column":1},"end":{"line":45,"column":null}},"type":"if","locations":[{"start":{"line":45,"column":1},"end":{"line":45,"column":null}},{"start":{},"end":{}}],"line":45},"1":{"loc":{"start":{"line":47,"column":1},"end":{"line":47,"column":null}},"type":"if","locations":[{"start":{"line":47,"column":1},"end":{"line":47,"column":null}},{"start":{},"end":{}}],"line":47},"2":{"loc":{"start":{"line":53,"column":1},"end":{"line":53,"column":null}},"type":"if","locations":[{"start":{"line":53,"column":1},"end":{"line":53,"column":null}},{"start":{},"end":{}}],"line":53},"3":{"loc":{"start":{"line":55,"column":1},"end":{"line":55,"column":null}},"type":"if","locations":[{"start":{"line":55,"column":1},"end":{"line":55,"column":null}},{"start":{},"end":{}}],"line":55},"4":{"loc":{"start":{"line":60,"column":1},"end":{"line":60,"column":null}},"type":"if","locations":[{"start":{"line":60,"column":1},"end":{"line":60,"column":null}},{"start":{},"end":{}}],"line":60},"5":{"loc":{"start":{"line":60,"column":5},"end":{"line":60,"column":31}},"type":"binary-expr","locations":[{"start":{"line":60,"column":5},"end":{"line":60,"column":19}},{"start":{"line":60,"column":19},"end":{"line":60,"column":31}}],"line":60},"6":{"loc":{"start":{"line":60,"column":38},"end":{"line":60,"column":null}},"type":"binary-expr","locations":[{"start":{"line":60,"column":38},"end":{"line":60,"column":65}},{"start":{"line":60,"column":65},"end":{"line":60,"column":null}}],"line":60},"7":{"loc":{"start":{"line":61,"column":1},"end":{"line":61,"column":null}},"type":"if","locations":[{"start":{"line":61,"column":1},"end":{"line":61,"column":null}},{"start":{},"end":{}}],"line":61},"8":{"loc":{"start":{"line":61,"column":5},"end":{"line":61,"column":31}},"type":"binary-expr","locations":[{"start":{"line":61,"column":5},"end":{"line":61,"column":19}},{"start":{"line":61,"column":19},"end":{"line":61,"column":31}}],"line":61},"9":{"loc":{"start":{"line":61,"column":38},"end":{"line":61,"column":null}},"type":"binary-expr","locations":[{"start":{"line":61,"column":38},"end":{"line":61,"column":72}},{"start":{"line":61,"column":72},"end":{"line":61,"column":null}}],"line":61},"10":{"loc":{"start":{"line":66,"column":1},"end":{"line":66,"column":null}},"type":"if","locations":[{"start":{"line":66,"column":1},"end":{"line":66,"column":null}},{"start":{},"end":{}}],"line":66},"11":{"loc":{"start":{"line":66,"column":5},"end":{"line":66,"column":31}},"type":"binary-expr","locations":[{"start":{"line":66,"column":5},"end":{"line":66,"column":19}},{"start":{"line":66,"column":19},"end":{"line":66,"column":31}}],"line":66},"12":{"loc":{"start":{"line":66,"column":38},"end":{"line":66,"column":null}},"type":"binary-expr","locations":[{"start":{"line":66,"column":38},"end":{"line":66,"column":65}},{"start":{"line":66,"column":65},"end":{"line":66,"column":null}}],"line":66},"13":{"loc":{"start":{"line":67,"column":1},"end":{"line":67,"column":null}},"type":"if","locations":[{"start":{"line":67,"column":1},"end":{"line":67,"column":null}},{"start":{},"end":{}}],"line":67},"14":{"loc":{"start":{"line":67,"column":5},"end":{"line":67,"column":33}},"type":"binary-expr","locations":[{"start":{"line":67,"column":5},"end":{"line":67,"column":20}},{"start":{"line":67,"column":20},"end":{"line":67,"column":33}}],"line":67},"15":{"loc":{"start":{"line":67,"column":40},"end":{"line":67,"column":null}},"type":"binary-expr","locations":[{"start":{"line":67,"column":40},"end":{"line":67,"column":75}},{"start":{"line":67,"column":75},"end":{"line":67,"column":null}}],"line":67},"16":{"loc":{"start":{"line":89,"column":1},"end":{"line":89,"column":null}},"type":"if","locations":[{"start":{"line":89,"column":1},"end":{"line":89,"column":null}},{"start":{},"end":{}}],"line":89},"17":{"loc":{"start":{"line":104,"column":2},"end":{"line":104,"column":null}},"type":"if","locations":[{"start":{"line":104,"column":2},"end":{"line":104,"column":null}},{"start":{},"end":{}}],"line":104},"18":{"loc":{"start":{"line":107,"column":2},"end":{"line":111,"column":null}},"type":"if","locations":[{"start":{"line":107,"column":2},"end":{"line":111,"column":null}},{"start":{},"end":{}}],"line":107},"19":{"loc":{"start":{"line":107,"column":6},"end":{"line":107,"column":98}},"type":"binary-expr","locations":[{"start":{"line":107,"column":6},"end":{"line":107,"column":18}},{"start":{"line":107,"column":18},"end":{"line":107,"column":39}},{"start":{"line":107,"column":39},"end":{"line":107,"column":68}},{"start":{"line":107,"column":68},"end":{"line":107,"column":98}}],"line":107},"20":{"loc":{"start":{"line":113,"column":2},"end":{"line":117,"column":null}},"type":"if","locations":[{"start":{"line":113,"column":2},"end":{"line":117,"column":null}},{"start":{},"end":{}}],"line":113},"21":{"loc":{"start":{"line":113,"column":6},"end":{"line":113,"column":98}},"type":"binary-expr","locations":[{"start":{"line":113,"column":6},"end":{"line":113,"column":18}},{"start":{"line":113,"column":18},"end":{"line":113,"column":39}},{"start":{"line":113,"column":39},"end":{"line":113,"column":68}},{"start":{"line":113,"column":68},"end":{"line":113,"column":98}}],"line":113},"22":{"loc":{"start":{"line":123,"column":1},"end":{"line":123,"column":null}},"type":"if","locations":[{"start":{"line":123,"column":1},"end":{"line":123,"column":null}},{"start":{},"end":{}}],"line":123},"23":{"loc":{"start":{"line":124,"column":1},"end":{"line":124,"column":null}},"type":"if","locations":[{"start":{"line":124,"column":1},"end":{"line":124,"column":null}},{"start":{},"end":{}}],"line":124},"24":{"loc":{"start":{"line":130,"column":1},"end":{"line":130,"column":null}},"type":"if","locations":[{"start":{"line":130,"column":1},"end":{"line":130,"column":null}},{"start":{},"end":{}}],"line":130},"25":{"loc":{"start":{"line":131,"column":1},"end":{"line":131,"column":null}},"type":"if","locations":[{"start":{"line":131,"column":1},"end":{"line":131,"column":null}},{"start":{},"end":{}}],"line":131},"26":{"loc":{"start":{"line":141,"column":1},"end":{"line":141,"column":null}},"type":"if","locations":[{"start":{"line":141,"column":1},"end":{"line":141,"column":null}},{"start":{},"end":{}}],"line":141},"27":{"loc":{"start":{"line":144,"column":2},"end":{"line":144,"column":null}},"type":"if","locations":[{"start":{"line":144,"column":2},"end":{"line":144,"column":null}},{"start":{},"end":{}}],"line":144},"28":{"loc":{"start":{"line":146,"column":2},"end":{"line":146,"column":null}},"type":"if","locations":[{"start":{"line":146,"column":2},"end":{"line":146,"column":null}},{"start":{},"end":{}}],"line":146},"29":{"loc":{"start":{"line":149,"column":2},"end":{"line":149,"column":null}},"type":"if","locations":[{"start":{"line":149,"column":2},"end":{"line":149,"column":null}},{"start":{},"end":{}}],"line":149},"30":{"loc":{"start":{"line":179,"column":1},"end":{"line":181,"column":null}},"type":"if","locations":[{"start":{"line":179,"column":1},"end":{"line":181,"column":null}},{"start":{},"end":{}}],"line":179},"31":{"loc":{"start":{"line":187,"column":2},"end":{"line":189,"column":null}},"type":"if","locations":[{"start":{"line":187,"column":2},"end":{"line":189,"column":null}},{"start":{},"end":{}}],"line":187},"32":{"loc":{"start":{"line":187,"column":6},"end":{"line":187,"column":66}},"type":"binary-expr","locations":[{"start":{"line":187,"column":6},"end":{"line":187,"column":28}},{"start":{"line":187,"column":28},"end":{"line":187,"column":48}},{"start":{"line":187,"column":48},"end":{"line":187,"column":66}}],"line":187},"33":{"loc":{"start":{"line":190,"column":2},"end":{"line":194,"column":null}},"type":"if","locations":[{"start":{"line":190,"column":2},"end":{"line":194,"column":null}},{"start":{},"end":{}}],"line":190},"34":{"loc":{"start":{"line":190,"column":6},"end":{"line":190,"column":50}},"type":"binary-expr","locations":[{"start":{"line":190,"column":6},"end":{"line":190,"column":29}},{"start":{"line":190,"column":29},"end":{"line":190,"column":50}}],"line":190},"35":{"loc":{"start":{"line":204,"column":10},"end":{"line":204,"column":27}},"type":"binary-expr","locations":[{"start":{"line":204,"column":10},"end":{"line":204,"column":19}},{"start":{"line":204,"column":19},"end":{"line":204,"column":27}}],"line":204},"36":{"loc":{"start":{"line":204,"column":27},"end":{"line":204,"column":null}},"type":"binary-expr","locations":[{"start":{"line":204,"column":27},"end":{"line":204,"column":36}},{"start":{"line":204,"column":36},"end":{"line":204,"column":null}}],"line":204},"37":{"loc":{"start":{"line":206,"column":1},"end":{"line":208,"column":null}},"type":"if","locations":[{"start":{"line":206,"column":1},"end":{"line":208,"column":null}},{"start":{},"end":{}}],"line":206},"38":{"loc":{"start":{"line":227,"column":1},"end":{"line":227,"column":null}},"type":"default-arg","locations":[{"start":{"line":227,"column":35},"end":{"line":227,"column":null}}],"line":227},"39":{"loc":{"start":{"line":229,"column":27},"end":{"line":229,"column":null}},"type":"binary-expr","locations":[{"start":{"line":229,"column":27},"end":{"line":229,"column":53}},{"start":{"line":229,"column":53},"end":{"line":229,"column":null}}],"line":229},"40":{"loc":{"start":{"line":230,"column":30},"end":{"line":230,"column":null}},"type":"binary-expr","locations":[{"start":{"line":230,"column":30},"end":{"line":230,"column":59}},{"start":{"line":230,"column":59},"end":{"line":230,"column":null}}],"line":230},"41":{"loc":{"start":{"line":237,"column":2},"end":{"line":237,"column":null}},"type":"if","locations":[{"start":{"line":237,"column":2},"end":{"line":237,"column":null}},{"start":{},"end":{}}],"line":237},"42":{"loc":{"start":{"line":243,"column":2},"end":{"line":243,"column":null}},"type":"if","locations":[{"start":{"line":243,"column":2},"end":{"line":243,"column":null}},{"start":{},"end":{}}],"line":243},"43":{"loc":{"start":{"line":244,"column":2},"end":{"line":244,"column":null}},"type":"if","locations":[{"start":{"line":244,"column":2},"end":{"line":244,"column":null}},{"start":{},"end":{}}],"line":244},"44":{"loc":{"start":{"line":244,"column":6},"end":{"line":244,"column":44}},"type":"binary-expr","locations":[{"start":{"line":244,"column":6},"end":{"line":244,"column":27}},{"start":{"line":244,"column":27},"end":{"line":244,"column":44}}],"line":244},"45":{"loc":{"start":{"line":249,"column":1},"end":{"line":254,"column":null}},"type":"if","locations":[{"start":{"line":249,"column":1},"end":{"line":254,"column":null}},{"start":{},"end":{}}],"line":249},"46":{"loc":{"start":{"line":250,"column":19},"end":{"line":250,"column":null}},"type":"binary-expr","locations":[{"start":{"line":250,"column":19},"end":{"line":250,"column":41}},{"start":{"line":250,"column":41},"end":{"line":250,"column":null}}],"line":250},"47":{"loc":{"start":{"line":272,"column":1},"end":{"line":272,"column":null}},"type":"default-arg","locations":[{"start":{"line":272,"column":35},"end":{"line":272,"column":null}}],"line":272},"48":{"loc":{"start":{"line":274,"column":18},"end":{"line":274,"column":null}},"type":"binary-expr","locations":[{"start":{"line":274,"column":18},"end":{"line":274,"column":43}},{"start":{"line":274,"column":43},"end":{"line":274,"column":null}}],"line":274},"49":{"loc":{"start":{"line":281,"column":2},"end":{"line":286,"column":null}},"type":"if","locations":[{"start":{"line":281,"column":2},"end":{"line":286,"column":null}},{"start":{},"end":{}}],"line":281},"50":{"loc":{"start":{"line":283,"column":3},"end":{"line":284,"column":null}},"type":"if","locations":[{"start":{"line":283,"column":3},"end":{"line":284,"column":null}},{"start":{"line":284,"column":8},"end":{"line":284,"column":null}}],"line":283},"51":{"loc":{"start":{"line":301,"column":37},"end":{"line":301,"column":80}},"type":"binary-expr","locations":[{"start":{"line":301,"column":37},"end":{"line":301,"column":48}},{"start":{"line":301,"column":48},"end":{"line":301,"column":61}},{"start":{"line":301,"column":61},"end":{"line":301,"column":72}},{"start":{"line":301,"column":72},"end":{"line":301,"column":80}}],"line":301},"52":{"loc":{"start":{"line":302,"column":1},"end":{"line":302,"column":null}},"type":"if","locations":[{"start":{"line":302,"column":1},"end":{"line":302,"column":null}},{"start":{},"end":{}}],"line":302},"53":{"loc":{"start":{"line":304,"column":1},"end":{"line":307,"column":null}},"type":"if","locations":[{"start":{"line":304,"column":1},"end":{"line":307,"column":null}},{"start":{},"end":{}}],"line":304},"54":{"loc":{"start":{"line":310,"column":1},"end":{"line":310,"column":null}},"type":"if","locations":[{"start":{"line":310,"column":1},"end":{"line":310,"column":null}},{"start":{},"end":{}}],"line":310},"55":{"loc":{"start":{"line":315,"column":37},"end":{"line":315,"column":82}},"type":"binary-expr","locations":[{"start":{"line":315,"column":37},"end":{"line":315,"column":48}},{"start":{"line":315,"column":48},"end":{"line":315,"column":61}},{"start":{"line":315,"column":61},"end":{"line":315,"column":73}},{"start":{"line":315,"column":73},"end":{"line":315,"column":82}}],"line":315},"56":{"loc":{"start":{"line":316,"column":1},"end":{"line":316,"column":null}},"type":"if","locations":[{"start":{"line":316,"column":1},"end":{"line":316,"column":null}},{"start":{},"end":{}}],"line":316},"57":{"loc":{"start":{"line":318,"column":1},"end":{"line":321,"column":null}},"type":"if","locations":[{"start":{"line":318,"column":1},"end":{"line":321,"column":null}},{"start":{},"end":{}}],"line":318},"58":{"loc":{"start":{"line":324,"column":1},"end":{"line":324,"column":null}},"type":"if","locations":[{"start":{"line":324,"column":1},"end":{"line":324,"column":null}},{"start":{},"end":{}}],"line":324},"59":{"loc":{"start":{"line":366,"column":1},"end":{"line":368,"column":null}},"type":"if","locations":[{"start":{"line":366,"column":1},"end":{"line":368,"column":null}},{"start":{},"end":{}}],"line":366},"60":{"loc":{"start":{"line":366,"column":5},"end":{"line":366,"column":28}},"type":"binary-expr","locations":[{"start":{"line":366,"column":5},"end":{"line":366,"column":17}},{"start":{"line":366,"column":17},"end":{"line":366,"column":28}}],"line":366},"61":{"loc":{"start":{"line":367,"column":9},"end":{"line":367,"column":null}},"type":"binary-expr","locations":[{"start":{"line":367,"column":9},"end":{"line":367,"column":31}},{"start":{"line":367,"column":31},"end":{"line":367,"column":null}}],"line":367},"62":{"loc":{"start":{"line":371,"column":1},"end":{"line":378,"column":null}},"type":"if","locations":[{"start":{"line":371,"column":1},"end":{"line":378,"column":null}},{"start":{},"end":{}}],"line":371},"63":{"loc":{"start":{"line":371,"column":5},"end":{"line":371,"column":30}},"type":"binary-expr","locations":[{"start":{"line":371,"column":5},"end":{"line":371,"column":18}},{"start":{"line":371,"column":18},"end":{"line":371,"column":30}}],"line":371},"64":{"loc":{"start":{"line":376,"column":39},"end":{"line":376,"column":null}},"type":"cond-expr","locations":[{"start":{"line":376,"column":49},"end":{"line":376,"column":53}},{"start":{"line":376,"column":53},"end":{"line":376,"column":null}}],"line":376},"65":{"loc":{"start":{"line":381,"column":1},"end":{"line":384,"column":null}},"type":"if","locations":[{"start":{"line":381,"column":1},"end":{"line":384,"column":null}},{"start":{},"end":{}}],"line":381},"66":{"loc":{"start":{"line":381,"column":5},"end":{"line":381,"column":31}},"type":"binary-expr","locations":[{"start":{"line":381,"column":5},"end":{"line":381,"column":19}},{"start":{"line":381,"column":19},"end":{"line":381,"column":31}}],"line":381},"67":{"loc":{"start":{"line":415,"column":2},"end":{"line":418,"column":null}},"type":"if","locations":[{"start":{"line":415,"column":2},"end":{"line":418,"column":null}},{"start":{},"end":{}}],"line":415},"68":{"loc":{"start":{"line":425,"column":1},"end":{"line":425,"column":null}},"type":"if","locations":[{"start":{"line":425,"column":1},"end":{"line":425,"column":null}},{"start":{},"end":{}}],"line":425},"69":{"loc":{"start":{"line":439,"column":1},"end":{"line":442,"column":null}},"type":"if","locations":[{"start":{"line":439,"column":1},"end":{"line":442,"column":null}},{"start":{},"end":{}}],"line":439},"70":{"loc":{"start":{"line":441,"column":9},"end":{"line":441,"column":null}},"type":"cond-expr","locations":[{"start":{"line":441,"column":15},"end":{"line":441,"column":50}},{"start":{"line":441,"column":50},"end":{"line":441,"column":null}}],"line":441},"71":{"loc":{"start":{"line":444,"column":1},"end":{"line":447,"column":null}},"type":"if","locations":[{"start":{"line":444,"column":1},"end":{"line":447,"column":null}},{"start":{},"end":{}}],"line":444},"72":{"loc":{"start":{"line":446,"column":9},"end":{"line":446,"column":null}},"type":"cond-expr","locations":[{"start":{"line":446,"column":15},"end":{"line":446,"column":50}},{"start":{"line":446,"column":50},"end":{"line":446,"column":null}}],"line":446}},"s":{"0":1,"1":1,"2":1,"3":1,"4":99,"5":99,"6":43,"7":56,"8":56,"9":12,"10":44,"11":99,"12":99,"13":24,"14":75,"15":75,"16":6,"17":69,"18":39,"19":23,"20":16,"21":16,"22":0,"23":14,"24":8,"25":6,"26":6,"27":0,"28":148,"29":45,"30":103,"31":172,"32":103,"33":103,"34":103,"35":145,"36":145,"37":0,"38":145,"39":9,"40":9,"41":9,"42":136,"43":4,"44":4,"45":4,"46":132,"47":103,"48":103,"49":9,"50":103,"51":4,"52":103,"53":110,"54":110,"55":2,"56":110,"57":2,"58":110,"59":33,"60":33,"61":3,"62":30,"63":137,"64":1,"65":136,"66":136,"67":1,"68":135,"69":135,"70":135,"71":0,"72":135,"73":30,"74":10,"75":10,"76":106,"77":10,"78":1,"79":1100,"80":52,"81":2,"82":50,"83":50,"84":50,"85":540,"86":540,"87":540,"88":540,"89":0,"90":540,"91":1,"92":539,"93":49,"94":23,"95":23,"96":253,"97":253,"98":23,"99":0,"100":23,"101":9,"102":9,"103":9,"104":9,"105":9,"106":99,"107":99,"108":0,"109":99,"110":99,"111":99,"112":99,"113":55,"114":99,"115":24,"116":99,"117":9,"118":2,"119":2,"120":4,"121":9,"122":1,"123":20,"124":20,"125":20,"126":20,"127":20,"128":220,"129":220,"130":169,"131":169,"132":169,"133":0,"134":169,"135":51,"136":51,"137":51,"138":20,"139":51,"140":35,"141":51,"142":33,"143":18,"144":6,"145":6,"146":12,"147":1,"148":11,"149":51,"150":49,"151":51,"152":13,"153":38,"154":1,"155":1,"156":37,"157":1,"158":36,"159":6,"160":6,"161":1,"162":1,"163":1,"164":17,"165":8,"166":9,"167":4,"168":4,"169":4,"170":4,"171":4,"172":12,"173":4,"174":5,"175":3,"176":3,"177":2,"178":1,"179":7,"180":7,"181":7,"182":112,"183":112,"184":18,"185":18,"186":7,"187":1,"188":1,"189":0,"190":1,"191":0,"192":0,"193":0,"194":0,"195":0,"196":0,"197":0,"198":0,"199":0,"200":0,"201":0,"202":0,"203":0,"204":0,"205":0,"206":0,"207":0},"f":{"0":99,"1":99,"2":39,"3":14,"4":148,"5":172,"6":110,"7":33,"8":10,"9":1100,"10":52,"11":23,"12":9,"13":20,"14":51,"15":35,"16":51,"17":49,"18":6,"19":1,"20":17,"21":12,"22":7,"23":1,"24":0,"25":0,"26":0,"27":0},"b":{"0":[43,56],"1":[12,44],"2":[24,75],"3":[6,69],"4":[23,16],"5":[39,39],"6":[23,0],"7":[16,0],"8":[16,16],"9":[16,0],"10":[8,6],"11":[14,14],"12":[8,0],"13":[6,0],"14":[6,6],"15":[6,0],"16":[45,103],"17":[0,145],"18":[9,136],"19":[145,9,9,9],"20":[4,132],"21":[136,4,4,4],"22":[9,94],"23":[4,99],"24":[2,108],"25":[2,108],"26":[3,30],"27":[1,136],"28":[1,135],"29":[0,135],"30":[2,50],"31":[0,540],"32":[540,540,540],"33":[1,539],"34":[540,539],"35":[253,11],"36":[253,11],"37":[0,23],"38":[9],"39":[9,8],"40":[9,2],"41":[0,99],"42":[55,44],"43":[24,75],"44":[99,88],"45":[2,7],"46":[2,2],"47":[20],"48":[20,19],"49":[169,51],"50":[169,0],"51":[35,34,15,13],"52":[33,18],"53":[6,12],"54":[1,11],"55":[49,27,42,6],"56":[13,38],"57":[1,37],"58":[1,36],"59":[8,9],"60":[17,16],"61":[8,0],"62":[4,5],"63":[9,8],"64":[9,3],"65":[3,2],"66":[5,4],"67":[18,94],"68":[0,1],"69":[0,0],"70":[0,0],"71":[0,0],"72":[0,0]},"meta":{"lastBranch":73,"lastFunction":28,"lastStatement":208,"seen":{"s:6:45:18:Infinity":0,"s:21:66:33:Infinity":1,"s:40:21:40:Infinity":2,"s:41:28:41:Infinity":3,"f:43:9:43:25":0,"s:44:13:44:Infinity":4,"b:45:1:45:Infinity:undefined:undefined:undefined:undefined":0,"s:45:1:45:Infinity":5,"s:45:17:45:Infinity":6,"s:46:19:46:Infinity":7,"b:47:1:47:Infinity:undefined:undefined:undefined:undefined":1,"s:47:1:47:Infinity":8,"s:47:23:47:Infinity":9,"s:48:1:48:Infinity":10,"f:51:9:51:25":1,"s:52:13:52:Infinity":11,"b:53:1:53:Infinity:undefined:undefined:undefined:undefined":2,"s:53:1:53:Infinity":12,"s:53:17:53:Infinity":13,"s:54:19:54:Infinity":14,"b:55:1:55:Infinity:undefined:undefined:undefined:undefined":3,"s:55:1:55:Infinity":15,"s:55:23:55:Infinity":16,"s:56:1:56:Infinity":17,"f:59:9:59:25":2,"b:60:1:60:Infinity:undefined:undefined:undefined:undefined":4,"s:60:1:60:Infinity":18,"b:60:5:60:19:60:19:60:31":5,"s:60:31:60:Infinity":19,"b:60:38:60:65:60:65:60:Infinity":6,"b:61:1:61:Infinity:undefined:undefined:undefined:undefined":7,"s:61:1:61:Infinity":20,"b:61:5:61:19:61:19:61:31":8,"s:61:31:61:Infinity":21,"b:61:38:61:72:61:72:61:Infinity":9,"s:62:1:62:Infinity":22,"f:65:9:65:25":3,"b:66:1:66:Infinity:undefined:undefined:undefined:undefined":10,"s:66:1:66:Infinity":23,"b:66:5:66:19:66:19:66:31":11,"s:66:31:66:Infinity":24,"b:66:38:66:65:66:65:66:Infinity":12,"b:67:1:67:Infinity:undefined:undefined:undefined:undefined":13,"s:67:1:67:Infinity":25,"b:67:5:67:20:67:20:67:33":14,"s:67:33:67:Infinity":26,"b:67:40:67:75:67:75:67:Infinity":15,"s:68:1:68:Infinity":27,"f:88:16:88:25":4,"b:89:1:89:Infinity:undefined:undefined:undefined:undefined":16,"s:89:1:89:Infinity":28,"s:89:9:89:Infinity":29,"s:91:14:96:Infinity":30,"f:93:7:93:8":5,"s:93:14:93:22":31,"s:98:25:98:Infinity":32,"s:102:1:120:Infinity":33,"s:102:14:102:17":34,"s:103:12:103:Infinity":35,"b:104:2:104:Infinity:undefined:undefined:undefined:undefined":17,"s:104:2:104:Infinity":36,"s:104:23:104:Infinity":37,"b:107:2:111:Infinity:undefined:undefined:undefined:undefined":18,"s:107:2:111:Infinity":38,"b:107:6:107:18:107:18:107:39:107:39:107:68:107:68:107:98":19,"s:108:3:108:Infinity":39,"s:109:3:109:Infinity":40,"s:110:3:110:Infinity":41,"b:113:2:117:Infinity:undefined:undefined:undefined:undefined":20,"s:113:2:117:Infinity":42,"b:113:6:113:18:113:18:113:39:113:39:113:68:113:68:113:98":21,"s:114:3:114:Infinity":43,"s:115:3:115:Infinity":44,"s:116:3:116:Infinity":45,"s:119:2:119:Infinity":46,"s:122:23:122:Infinity":47,"b:123:1:123:Infinity:undefined:undefined:undefined:undefined":22,"s:123:1:123:Infinity":48,"s:123:26:123:Infinity":49,"b:124:1:124:Infinity:undefined:undefined:undefined:undefined":23,"s:124:1:124:Infinity":50,"s:124:26:124:Infinity":51,"s:125:1:125:Infinity":52,"f:128:16:128:29":6,"s:129:23:129:Infinity":53,"b:130:1:130:Infinity:undefined:undefined:undefined:undefined":24,"s:130:1:130:Infinity":54,"s:130:29:130:Infinity":55,"b:131:1:131:Infinity:undefined:undefined:undefined:undefined":25,"s:131:1:131:Infinity":56,"s:131:29:131:Infinity":57,"s:132:1:132:Infinity":58,"f:139:16:139:30":7,"s:140:13:140:Infinity":59,"b:141:1:141:Infinity:undefined:undefined:undefined:undefined":26,"s:141:1:141:Infinity":60,"s:141:16:141:Infinity":61,"s:143:1:151:Infinity":62,"b:144:2:144:Infinity:undefined:undefined:undefined:undefined":27,"s:144:2:144:Infinity":63,"s:144:13:144:Infinity":64,"s:145:13:145:Infinity":65,"b:146:2:146:Infinity:undefined:undefined:undefined:undefined":28,"s:146:2:146:Infinity":66,"s:146:17:146:Infinity":67,"s:147:14:147:Infinity":68,"s:148:16:148:Infinity":69,"b:149:2:149:Infinity:undefined:undefined:undefined:undefined":29,"s:149:2:149:Infinity":70,"s:149:12:149:Infinity":71,"s:150:2:150:Infinity":72,"s:152:1:152:Infinity":73,"f:155:16:155:34":8,"s:156:25:156:Infinity":74,"s:157:1:159:Infinity":75,"s:158:2:158:Infinity":76,"s:160:1:160:Infinity":77,"s:172:24:172:Infinity":78,"f:174:16:174:31":9,"s:175:1:175:Infinity":79,"f:178:16:178:30":10,"b:179:1:181:Infinity:undefined:undefined:undefined:undefined":30,"s:179:1:181:Infinity":80,"s:180:2:180:Infinity":81,"s:182:13:182:Infinity":82,"s:183:1:196:Infinity":83,"s:183:14:183:17":84,"s:184:15:184:Infinity":85,"s:185:13:185:Infinity":86,"s:186:13:186:Infinity":87,"b:187:2:189:Infinity:undefined:undefined:undefined:undefined":31,"s:187:2:189:Infinity":88,"b:187:6:187:28:187:28:187:48:187:48:187:66":32,"s:188:3:188:Infinity":89,"b:190:2:194:Infinity:undefined:undefined:undefined:undefined":33,"s:190:2:194:Infinity":90,"b:190:6:190:29:190:29:190:50":34,"s:191:3:193:Infinity":91,"s:195:2:195:Infinity":92,"s:197:1:197:Infinity":93,"f:200:16:200:34":11,"s:201:11:201:Infinity":94,"s:202:1:205:Infinity":95,"s:203:12:203:Infinity":96,"s:204:2:204:Infinity":97,"b:204:10:204:19:204:19:204:27":35,"b:204:27:204:36:204:36:204:Infinity":36,"b:206:1:208:Infinity:undefined:undefined:undefined:undefined":37,"s:206:1:208:Infinity":98,"s:207:2:207:Infinity":99,"s:209:1:209:Infinity":100,"f:225:16:225:Infinity":12,"b:227:35:227:Infinity":38,"s:229:27:229:Infinity":101,"b:229:27:229:53:229:53:229:Infinity":39,"s:230:30:230:Infinity":102,"b:230:30:230:59:230:59:230:Infinity":40,"s:232:15:232:Infinity":103,"s:233:13:233:Infinity":104,"s:235:1:247:Infinity":105,"s:236:17:236:Infinity":106,"b:237:2:237:Infinity:undefined:undefined:undefined:undefined":41,"s:237:2:237:Infinity":107,"s:237:15:237:Infinity":108,"s:239:24:239:Infinity":109,"s:240:17:240:Infinity":110,"s:241:17:241:Infinity":111,"b:243:2:243:Infinity:undefined:undefined:undefined:undefined":42,"s:243:2:243:Infinity":112,"s:243:23:243:Infinity":113,"b:244:2:244:Infinity:undefined:undefined:undefined:undefined":43,"s:244:2:244:Infinity":114,"b:244:6:244:27:244:27:244:44":44,"s:244:44:244:Infinity":115,"s:246:2:246:Infinity":116,"b:249:1:254:Infinity:undefined:undefined:undefined:undefined":45,"s:249:1:254:Infinity":117,"s:250:19:250:Infinity":118,"b:250:19:250:41:250:41:250:Infinity":46,"s:251:2:253:Infinity":119,"s:252:3:252:Infinity":120,"s:256:1:256:Infinity":121,"s:268:25:268:Infinity":122,"f:270:16:270:Infinity":13,"b:272:35:272:Infinity":47,"s:274:18:274:Infinity":123,"b:274:18:274:43:274:43:274:Infinity":48,"s:275:21:275:Infinity":124,"s:276:13:276:Infinity":125,"s:277:13:277:Infinity":126,"s:279:1:291:Infinity":127,"s:280:13:280:Infinity":128,"b:281:2:286:Infinity:undefined:undefined:undefined:undefined":49,"s:281:2:286:Infinity":129,"s:282:14:282:Infinity":130,"b:283:3:284:Infinity:284:8:284:Infinity":50,"s:283:3:284:Infinity":131,"s:283:11:283:Infinity":132,"s:284:8:284:Infinity":133,"s:285:3:285:Infinity":134,"s:288:17:288:Infinity":135,"s:289:17:289:Infinity":136,"s:290:2:290:Infinity":137,"s:293:1:293:Infinity":138,"f:300:9:300:30":14,"s:301:15:301:Infinity":139,"f:301:29:301:30":15,"s:301:37:301:80":140,"b:301:37:301:48:301:48:301:61:301:61:301:72:301:72:301:80":51,"b:302:1:302:Infinity:undefined:undefined:undefined:undefined":52,"s:302:1:302:Infinity":141,"s:302:26:302:Infinity":142,"b:304:1:307:Infinity:undefined:undefined:undefined:undefined":53,"s:304:1:307:Infinity":143,"s:305:17:305:Infinity":144,"s:306:2:306:Infinity":145,"b:310:1:310:Infinity:undefined:undefined:undefined:undefined":54,"s:310:1:310:Infinity":146,"s:310:28:310:Infinity":147,"s:311:1:311:Infinity":148,"f:314:9:314:30":16,"s:315:15:315:Infinity":149,"f:315:29:315:30":17,"s:315:37:315:82":150,"b:315:37:315:48:315:48:315:61:315:61:315:73:315:73:315:82":55,"b:316:1:316:Infinity:undefined:undefined:undefined:undefined":56,"s:316:1:316:Infinity":151,"s:316:26:316:Infinity":152,"b:318:1:321:Infinity:undefined:undefined:undefined:undefined":57,"s:318:1:321:Infinity":153,"s:319:17:319:Infinity":154,"s:320:2:320:Infinity":155,"b:324:1:324:Infinity:undefined:undefined:undefined:undefined":58,"s:324:1:324:Infinity":156,"s:324:28:324:Infinity":157,"s:325:1:325:Infinity":158,"f:333:9:333:29":18,"s:334:19:334:Infinity":159,"s:335:1:335:Infinity":160,"f:339:9:339:29":19,"s:340:19:340:Infinity":161,"s:341:1:341:Infinity":162,"s:345:70:362:Infinity":163,"f:364:16:364:30":20,"b:366:1:368:Infinity:undefined:undefined:undefined:undefined":59,"s:366:1:368:Infinity":164,"b:366:5:366:17:366:17:366:28":60,"s:367:2:367:Infinity":165,"b:367:9:367:31:367:31:367:Infinity":61,"b:371:1:378:Infinity:undefined:undefined:undefined:undefined":62,"s:371:1:378:Infinity":166,"b:371:5:371:18:371:18:371:30":63,"s:372:12:372:Infinity":167,"s:373:13:373:Infinity":168,"s:374:13:374:Infinity":169,"s:375:13:375:Infinity":170,"s:376:15:376:Infinity":171,"f:376:15:376:16":21,"s:376:39:376:Infinity":172,"b:376:49:376:53:376:53:376:Infinity":64,"s:377:2:377:Infinity":173,"b:381:1:384:Infinity:undefined:undefined:undefined:undefined":65,"s:381:1:384:Infinity":174,"b:381:5:381:19:381:19:381:31":66,"s:382:12:382:Infinity":175,"s:383:2:383:Infinity":176,"s:387:1:387:Infinity":177,"s:391:96:408:Infinity":178,"f:410:9:410:30":22,"s:411:12:411:Infinity":179,"s:412:16:412:Infinity":180,"s:413:1:419:Infinity":181,"s:414:8:414:Infinity":182,"b:415:2:418:Infinity:undefined:undefined:undefined:undefined":67,"s:415:2:418:Infinity":183,"s:416:3:416:Infinity":184,"s:417:3:417:Infinity":185,"s:420:1:420:Infinity":186,"f:423:9:423:30":23,"s:424:12:424:Infinity":187,"b:425:1:425:Infinity:undefined:undefined:undefined:undefined":68,"s:425:1:425:Infinity":188,"s:425:15:425:Infinity":189,"s:426:1:426:Infinity":190,"f:437:16:437:34":24,"s:438:13:438:Infinity":191,"b:439:1:442:Infinity:undefined:undefined:undefined:undefined":69,"s:439:1:442:Infinity":192,"s:440:14:440:Infinity":193,"s:441:2:441:Infinity":194,"b:441:15:441:50:441:50:441:Infinity":70,"s:443:19:443:Infinity":195,"b:444:1:447:Infinity:undefined:undefined:undefined:undefined":71,"s:444:1:447:Infinity":196,"s:445:14:445:Infinity":197,"s:446:2:446:Infinity":198,"b:446:15:446:50:446:50:446:Infinity":72,"s:449:1:449:Infinity":199,"f:453:16:453:33":25,"s:454:19:454:Infinity":200,"s:455:1:455:Infinity":201,"f:458:9:458:18":26,"s:459:1:459:Infinity":202,"f:469:16:469:33":27,"s:470:15:470:Infinity":203,"s:471:16:471:Infinity":204,"s:472:1:477:Infinity":205,"s:473:2:476:Infinity":206,"s:478:1:478:Infinity":207}}}
}
